Started by user [8mha:////4NPpEwh6W6PHNA9YCHXGF2TWni42fhU7M8LLfBCJCyPkAAAAlx+LCAAAAAAAAP9b85aBtbiIQTGjNKU4P08vOT+vOD8nVc83PyU1x6OyILUoJzMv2y+/JJUBAhiZGBgqihhk0NSjKDWzXb3RdlLBUSYGJk8GtpzUvPSSDB8G5tKinBIGIZ+sxLJE/ZzEvHT94JKizLx0a6BxUmjGOUNodHsLgAzWEgZu/dLi1CL9xJTczDwAj6GcLcAAAAA=[0manand
Running as SYSTEM
Building in workspace /var/lib/jenkins/workspace/app
The recommended git tool is: NONE
using credential b99ad35f-5180-46c5-9682-b39c2f5b7be4
 > git rev-parse --resolve-git-dir /var/lib/jenkins/workspace/app/.git # timeout=10
Fetching changes from the remote Git repository
 > git config remote.origin.url https://github.com/anandbutra/sample_custmer_app/ # timeout=10
Fetching upstream changes from https://github.com/anandbutra/sample_custmer_app/
 > git --version # timeout=10
 > git --version # 'git version 2.34.1'
using GIT_ASKPASS to set credentials 
 > git fetch --tags --force --progress -- https://github.com/anandbutra/sample_custmer_app/ +refs/heads/*:refs/remotes/origin/* # timeout=10
 > git rev-parse refs/remotes/origin/master^{commit} # timeout=10
Checking out Revision 8e9ae1633a56d304e5e4f142315dbf1af2256feb (refs/remotes/origin/master)
 > git config core.sparsecheckout # timeout=10
 > git checkout -f 8e9ae1633a56d304e5e4f142315dbf1af2256feb # timeout=10
Commit message: "Update pom.xml"
First time build. Skipping changelog.
[app] $ /var/lib/jenkins/tools/hudson.tasks.Maven_MavenInstallation/maven/bin/mvn -D<artifactId>SimpleCustomerApp</artifactId>= '-D<project=xmlns="http://maven.apache.org/POM/4.0.0" xmlns:xsi="http://www.w3.org/2001/XMLSchema-instance"' -D<version>x.x-SNAPSHOT</version>= -D<url>http=//maven.apache.org</url> '-Dxsi=schemaLocation="http://maven.apache.org/POM/4.0.0 http://maven.apache.org/maven-v4_0_0.xsd">' -D<modelVersion>4.0.0</modelVersion>= -D<packaging>war</packaging>= -D</project>= -D<groupId>com.javatpoint</groupId>= -D<version>1.0-SNAPSHOT</version>= -D<name>SimpleCustomerApp</name>= clean package
[INFO] Scanning for projects...
[INFO] ------------------------------------------------------------------------
[INFO] BUILD FAILURE
[INFO] ------------------------------------------------------------------------
[INFO] Total time:  0.165 s
[INFO] Finished at: 2022-05-29T19:30:52Z
[INFO] ------------------------------------------------------------------------
[8mha:////4C2Ky/NXsODHRGlZYddlrIfP+RhAmCKnC7EC9NXL4BwRAAAAYB+LCAAAAAAAAP9b85aBtbiIQSmjNKU4P0+vJLE4u1gvPjexLDVPzxdEuhYV5Rf55Zek1m9pfpLfVWLNxMBQUcQgBdWQnJ9XnJ+TqucMoUEKGSCAEaSwAABqVhoSYAAAAA==[0m[ERROR] The goal you specified requires a project to execute but there is no POM in this directory (/var/lib/jenkins/workspace/app). Please verify you invoked Maven from the correct directory. -> [Help 1]
[8mha:////4C2Ky/NXsODHRGlZYddlrIfP+RhAmCKnC7EC9NXL4BwRAAAAYB+LCAAAAAAAAP9b85aBtbiIQSmjNKU4P0+vJLE4u1gvPjexLDVPzxdEuhYV5Rf55Zek1m9pfpLfVWLNxMBQUcQgBdWQnJ9XnJ+TqucMoUEKGSCAEaSwAABqVhoSYAAAAA==[0m[ERROR] 
[8mha:////4C2Ky/NXsODHRGlZYddlrIfP+RhAmCKnC7EC9NXL4BwRAAAAYB+LCAAAAAAAAP9b85aBtbiIQSmjNKU4P0+vJLE4u1gvPjexLDVPzxdEuhYV5Rf55Zek1m9pfpLfVWLNxMBQUcQgBdWQnJ9XnJ+TqucMoUEKGSCAEaSwAABqVhoSYAAAAA==[0m[ERROR] To see the full stack trace of the errors, re-run Maven with the -e switch.
[8mha:////4C2Ky/NXsODHRGlZYddlrIfP+RhAmCKnC7EC9NXL4BwRAAAAYB+LCAAAAAAAAP9b85aBtbiIQSmjNKU4P0+vJLE4u1gvPjexLDVPzxdEuhYV5Rf55Zek1m9pfpLfVWLNxMBQUcQgBdWQnJ9XnJ+TqucMoUEKGSCAEaSwAABqVhoSYAAAAA==[0m[ERROR] Re-run Maven using the -X switch to enable full debug logging.
[8mha:////4C2Ky/NXsODHRGlZYddlrIfP+RhAmCKnC7EC9NXL4BwRAAAAYB+LCAAAAAAAAP9b85aBtbiIQSmjNKU4P0+vJLE4u1gvPjexLDVPzxdEuhYV5Rf55Zek1m9pfpLfVWLNxMBQUcQgBdWQnJ9XnJ+TqucMoUEKGSCAEaSwAABqVhoSYAAAAA==[0m[ERROR] 
[8mha:////4C2Ky/NXsODHRGlZYddlrIfP+RhAmCKnC7EC9NXL4BwRAAAAYB+LCAAAAAAAAP9b85aBtbiIQSmjNKU4P0+vJLE4u1gvPjexLDVPzxdEuhYV5Rf55Zek1m9pfpLfVWLNxMBQUcQgBdWQnJ9XnJ+TqucMoUEKGSCAEaSwAABqVhoSYAAAAA==[0m[ERROR] For more information about the errors and possible solutions, please read the following articles:
[8mha:////4C2Ky/NXsODHRGlZYddlrIfP+RhAmCKnC7EC9NXL4BwRAAAAYB+LCAAAAAAAAP9b85aBtbiIQSmjNKU4P0+vJLE4u1gvPjexLDVPzxdEuhYV5Rf55Zek1m9pfpLfVWLNxMBQUcQgBdWQnJ9XnJ+TqucMoUEKGSCAEaSwAABqVhoSYAAAAA==[0m[ERROR] [Help 1] http://cwiki.apache.org/confluence/display/MAVEN/MissingProjectException
Build step 'Invoke top-level Maven targets' marked build as failure
[DeployPublisher][INFO] Build failed, project not deployed
Finished: FAILURE
